2023-08-25 12:47:38,876 [Worker-5] INFO  c.g.t.t.d.PublishedGradleVersions - Gradle version information cache is up-to-date. Trying to read.
2023-08-25 12:53:03,718 [Worker-4] INFO  c.g.t.t.d.PublishedGradleVersions - Gradle version information cache is up-to-date. Trying to read.
2023-08-25 13:39:40,492 [Worker-0] INFO  c.g.t.t.d.PublishedGradleVersions - Gradle version information cache is out-of-date. Trying to update.
2023-08-25 20:03:00,607 [Worker-5] INFO  c.g.t.t.d.PublishedGradleVersions - Gradle version information cache is up-to-date. Trying to read.
2023-08-25 20:12:51,237 [Worker-19] WARN  o.e.r.models.ModelRepository - Failed to download org.eclipse.recommenders:index::zip:0.0.0
org.eclipse.aether.resolution.ArtifactResolutionException: Could not find artifact org.eclipse.recommenders:index:zip:0.0.0-SNAPSHOT in models (http://download.eclipse.org/recommenders/models/oxygen/)
	at org.eclipse.aether.internal.impl.DefaultArtifactResolver.resolve(DefaultArtifactResolver.java:453) ~[na:na]
	at org.eclipse.aether.internal.impl.DefaultArtifactResolver.resolveArtifacts(DefaultArtifactResolver.java:255) ~[na:na]
	at org.eclipse.aether.internal.impl.DefaultArtifactResolver.resolveArtifact(DefaultArtifactResolver.java:232) ~[na:na]
	at org.eclipse.aether.internal.impl.DefaultRepositorySystem.resolveArtifact(DefaultRepositorySystem.java:303) ~[na:na]
	at org.eclipse.recommenders.models.ModelRepository.resolveInternal(ModelRepository.java:193) [org.eclipse.recommenders.models_2.5.2.v20180401-1226.jar:na]
	at org.eclipse.recommenders.models.ModelRepository.resolve(ModelRepository.java:172) [org.eclipse.recommenders.models_2.5.2.v20180401-1226.jar:na]
	at org.eclipse.recommenders.internal.models.rcp.EclipseModelRepository.resolve(EclipseModelRepository.java:168) [org.eclipse.recommenders.models.rcp_2.5.2.v20180401-1226.jar:na]
	at org.eclipse.recommenders.internal.models.rcp.DownloadModelArchiveJob.run(DownloadModelArchiveJob.java:76) [org.eclipse.recommenders.models.rcp_2.5.2.v20180401-1226.jar:na]
	at org.eclipse.core.internal.jobs.Worker.run(Worker.java:56) [org.eclipse.core.jobs_3.9.3.v20180115-1757.jar:na]
Caused by: org.eclipse.aether.transfer.ArtifactNotFoundException: Could not find artifact org.eclipse.recommenders:index:zip:0.0.0-SNAPSHOT in models (http://download.eclipse.org/recommenders/models/oxygen/)
	at org.eclipse.aether.connector.basic.ArtifactTransportListener.transferFailed(ArtifactTransportListener.java:48) ~[org.apache.maven.resolver.connector.basic_1.0.3.v20170405-0725.jar:1.0.3]
	at org.eclipse.aether.connector.basic.BasicRepositoryConnector$TaskRunner.run(BasicRepositoryConnector.java:364) ~[org.apache.maven.resolver.connector.basic_1.0.3.v20170405-0725.jar:1.0.3]
	at org.eclipse.aether.util.concurrency.RunnableErrorForwarder$1.run(RunnableErrorForwarder.java:76) ~[na:na]
	at org.eclipse.aether.connector.basic.BasicRepositoryConnector$DirectExecutor.execute(BasicRepositoryConnector.java:590) ~[org.apache.maven.resolver.connector.basic_1.0.3.v20170405-0725.jar:1.0.3]
	at org.eclipse.aether.connector.basic.BasicRepositoryConnector.get(BasicRepositoryConnector.java:258) ~[org.apache.maven.resolver.connector.basic_1.0.3.v20170405-0725.jar:1.0.3]
	at org.eclipse.aether.internal.impl.DefaultArtifactResolver.performDownloads(DefaultArtifactResolver.java:529) ~[na:na]
	at org.eclipse.aether.internal.impl.DefaultArtifactResolver.resolve(DefaultArtifactResolver.java:430) ~[na:na]
	... 8 common frames omitted
2023-08-25 21:09:14,249 [Worker-5] INFO  c.g.t.t.d.PublishedGradleVersions - Gradle version information cache is up-to-date. Trying to read.
2023-08-27 14:21:15,064 [Worker-3] INFO  c.g.t.t.d.PublishedGradleVersions - Gradle version information cache is out-of-date. Trying to update.
2023-08-27 14:47:33,220 [Worker-21] WARN  o.e.r.models.ModelRepository - Failed to download org.eclipse.recommenders:index::zip:0.0.0
org.eclipse.aether.resolution.ArtifactResolutionException: Could not find artifact org.eclipse.recommenders:index:zip:0.0.0-SNAPSHOT in models (http://download.eclipse.org/recommenders/models/oxygen/)
	at org.eclipse.aether.internal.impl.DefaultArtifactResolver.resolve(DefaultArtifactResolver.java:453) ~[na:na]
	at org.eclipse.aether.internal.impl.DefaultArtifactResolver.resolveArtifacts(DefaultArtifactResolver.java:255) ~[na:na]
	at org.eclipse.aether.internal.impl.DefaultArtifactResolver.resolveArtifact(DefaultArtifactResolver.java:232) ~[na:na]
	at org.eclipse.aether.internal.impl.DefaultRepositorySystem.resolveArtifact(DefaultRepositorySystem.java:303) ~[na:na]
	at org.eclipse.recommenders.models.ModelRepository.resolveInternal(ModelRepository.java:193) [org.eclipse.recommenders.models_2.5.2.v20180401-1226.jar:na]
	at org.eclipse.recommenders.models.ModelRepository.resolve(ModelRepository.java:172) [org.eclipse.recommenders.models_2.5.2.v20180401-1226.jar:na]
	at org.eclipse.recommenders.internal.models.rcp.EclipseModelRepository.resolve(EclipseModelRepository.java:168) [org.eclipse.recommenders.models.rcp_2.5.2.v20180401-1226.jar:na]
	at org.eclipse.recommenders.internal.models.rcp.DownloadModelArchiveJob.run(DownloadModelArchiveJob.java:76) [org.eclipse.recommenders.models.rcp_2.5.2.v20180401-1226.jar:na]
	at org.eclipse.core.internal.jobs.Worker.run(Worker.java:56) [org.eclipse.core.jobs_3.9.3.v20180115-1757.jar:na]
Caused by: org.eclipse.aether.transfer.ArtifactNotFoundException: Could not find artifact org.eclipse.recommenders:index:zip:0.0.0-SNAPSHOT in models (http://download.eclipse.org/recommenders/models/oxygen/)
	at org.eclipse.aether.connector.basic.ArtifactTransportListener.transferFailed(ArtifactTransportListener.java:48) ~[org.apache.maven.resolver.connector.basic_1.0.3.v20170405-0725.jar:1.0.3]
	at org.eclipse.aether.connector.basic.BasicRepositoryConnector$TaskRunner.run(BasicRepositoryConnector.java:364) ~[org.apache.maven.resolver.connector.basic_1.0.3.v20170405-0725.jar:1.0.3]
	at org.eclipse.aether.util.concurrency.RunnableErrorForwarder$1.run(RunnableErrorForwarder.java:76) ~[na:na]
	at org.eclipse.aether.connector.basic.BasicRepositoryConnector$DirectExecutor.execute(BasicRepositoryConnector.java:590) ~[org.apache.maven.resolver.connector.basic_1.0.3.v20170405-0725.jar:1.0.3]
	at org.eclipse.aether.connector.basic.BasicRepositoryConnector.get(BasicRepositoryConnector.java:258) ~[org.apache.maven.resolver.connector.basic_1.0.3.v20170405-0725.jar:1.0.3]
	at org.eclipse.aether.internal.impl.DefaultArtifactResolver.performDownloads(DefaultArtifactResolver.java:529) ~[na:na]
	at org.eclipse.aether.internal.impl.DefaultArtifactResolver.resolve(DefaultArtifactResolver.java:430) ~[na:na]
	... 8 common frames omitted
2023-08-27 15:00:43,024 [Worker-3] INFO  c.g.t.t.d.PublishedGradleVersions - Gradle version information cache is up-to-date. Trying to read.
2023-08-27 15:13:24,646 [Worker-7] WARN  o.e.r.models.ModelRepository - Failed to download org.eclipse.recommenders:index::zip:0.0.0
org.eclipse.aether.resolution.ArtifactResolutionException: Could not find artifact org.eclipse.recommenders:index:zip:0.0.0-SNAPSHOT in models (http://download.eclipse.org/recommenders/models/oxygen/)
	at org.eclipse.aether.internal.impl.DefaultArtifactResolver.resolve(DefaultArtifactResolver.java:453) ~[na:na]
	at org.eclipse.aether.internal.impl.DefaultArtifactResolver.resolveArtifacts(DefaultArtifactResolver.java:255) ~[na:na]
	at org.eclipse.aether.internal.impl.DefaultArtifactResolver.resolveArtifact(DefaultArtifactResolver.java:232) ~[na:na]
	at org.eclipse.aether.internal.impl.DefaultRepositorySystem.resolveArtifact(DefaultRepositorySystem.java:303) ~[na:na]
	at org.eclipse.recommenders.models.ModelRepository.resolveInternal(ModelRepository.java:193) [org.eclipse.recommenders.models_2.5.2.v20180401-1226.jar:na]
	at org.eclipse.recommenders.models.ModelRepository.resolve(ModelRepository.java:172) [org.eclipse.recommenders.models_2.5.2.v20180401-1226.jar:na]
	at org.eclipse.recommenders.internal.models.rcp.EclipseModelRepository.resolve(EclipseModelRepository.java:168) [org.eclipse.recommenders.models.rcp_2.5.2.v20180401-1226.jar:na]
	at org.eclipse.recommenders.internal.models.rcp.DownloadModelArchiveJob.run(DownloadModelArchiveJob.java:76) [org.eclipse.recommenders.models.rcp_2.5.2.v20180401-1226.jar:na]
	at org.eclipse.core.internal.jobs.Worker.run(Worker.java:56) [org.eclipse.core.jobs_3.9.3.v20180115-1757.jar:na]
Caused by: org.eclipse.aether.transfer.ArtifactNotFoundException: Could not find artifact org.eclipse.recommenders:index:zip:0.0.0-SNAPSHOT in models (http://download.eclipse.org/recommenders/models/oxygen/)
	at org.eclipse.aether.connector.basic.ArtifactTransportListener.transferFailed(ArtifactTransportListener.java:48) ~[org.apache.maven.resolver.connector.basic_1.0.3.v20170405-0725.jar:1.0.3]
	at org.eclipse.aether.connector.basic.BasicRepositoryConnector$TaskRunner.run(BasicRepositoryConnector.java:364) ~[org.apache.maven.resolver.connector.basic_1.0.3.v20170405-0725.jar:1.0.3]
	at org.eclipse.aether.util.concurrency.RunnableErrorForwarder$1.run(RunnableErrorForwarder.java:76) ~[na:na]
	at org.eclipse.aether.connector.basic.BasicRepositoryConnector$DirectExecutor.execute(BasicRepositoryConnector.java:590) ~[org.apache.maven.resolver.connector.basic_1.0.3.v20170405-0725.jar:1.0.3]
	at org.eclipse.aether.connector.basic.BasicRepositoryConnector.get(BasicRepositoryConnector.java:258) ~[org.apache.maven.resolver.connector.basic_1.0.3.v20170405-0725.jar:1.0.3]
	at org.eclipse.aether.internal.impl.DefaultArtifactResolver.performDownloads(DefaultArtifactResolver.java:529) ~[na:na]
	at org.eclipse.aether.internal.impl.DefaultArtifactResolver.resolve(DefaultArtifactResolver.java:430) ~[na:na]
	... 8 common frames omitted
2023-08-27 20:11:43,732 [Worker-1] INFO  c.g.t.t.d.PublishedGradleVersions - Gradle version information cache is up-to-date. Trying to read.
2023-08-28 10:22:17,015 [Worker-3] INFO  c.g.t.t.d.PublishedGradleVersions - Gradle version information cache is up-to-date. Trying to read.
2023-08-28 14:07:16,207 [Worker-3] INFO  c.g.t.t.d.PublishedGradleVersions - Gradle version information cache is up-to-date. Trying to read.
2023-08-28 22:39:49,754 [Worker-4] INFO  c.g.t.t.d.PublishedGradleVersions - Gradle version information cache is out-of-date. Trying to update.
2023-08-28 22:39:49,921 [Worker-4] INFO  c.g.t.t.d.PublishedGradleVersions - Updating Gradle version information cache failed. Using outdated cache.
2023-08-29 19:41:26,661 [Worker-0] INFO  c.g.t.t.d.PublishedGradleVersions - Gradle version information cache is out-of-date. Trying to update.
2023-08-29 19:41:26,905 [Worker-0] INFO  c.g.t.t.d.PublishedGradleVersions - Updating Gradle version information cache failed. Using outdated cache.
2023-08-29 19:52:02,052 [Worker-17] WARN  o.e.r.models.ModelRepository - Failed to download org.eclipse.recommenders:index::zip:0.0.0
org.eclipse.aether.resolution.ArtifactResolutionException: Could not transfer artifact org.eclipse.recommenders:index:zip:0.0.0-SNAPSHOT from/to models (http://download.eclipse.org/recommenders/models/oxygen/): download.eclipse.org
	at org.eclipse.aether.internal.impl.DefaultArtifactResolver.resolve(DefaultArtifactResolver.java:453) ~[na:na]
	at org.eclipse.aether.internal.impl.DefaultArtifactResolver.resolveArtifacts(DefaultArtifactResolver.java:255) ~[na:na]
	at org.eclipse.aether.internal.impl.DefaultArtifactResolver.resolveArtifact(DefaultArtifactResolver.java:232) ~[na:na]
	at org.eclipse.aether.internal.impl.DefaultRepositorySystem.resolveArtifact(DefaultRepositorySystem.java:303) ~[na:na]
	at org.eclipse.recommenders.models.ModelRepository.resolveInternal(ModelRepository.java:193) [org.eclipse.recommenders.models_2.5.2.v20180401-1226.jar:na]
	at org.eclipse.recommenders.models.ModelRepository.resolve(ModelRepository.java:172) [org.eclipse.recommenders.models_2.5.2.v20180401-1226.jar:na]
	at org.eclipse.recommenders.internal.models.rcp.EclipseModelRepository.resolve(EclipseModelRepository.java:168) [org.eclipse.recommenders.models.rcp_2.5.2.v20180401-1226.jar:na]
	at org.eclipse.recommenders.internal.models.rcp.DownloadModelArchiveJob.run(DownloadModelArchiveJob.java:76) [org.eclipse.recommenders.models.rcp_2.5.2.v20180401-1226.jar:na]
	at org.eclipse.core.internal.jobs.Worker.run(Worker.java:56) [org.eclipse.core.jobs_3.9.3.v20180115-1757.jar:na]
Caused by: org.eclipse.aether.transfer.ArtifactTransferException: Could not transfer artifact org.eclipse.recommenders:index:zip:0.0.0-SNAPSHOT from/to models (http://download.eclipse.org/recommenders/models/oxygen/): download.eclipse.org
	at org.eclipse.aether.connector.basic.ArtifactTransportListener.transferFailed(ArtifactTransportListener.java:52) ~[org.apache.maven.resolver.connector.basic_1.0.3.v20170405-0725.jar:1.0.3]
	at org.eclipse.aether.connector.basic.BasicRepositoryConnector$TaskRunner.run(BasicRepositoryConnector.java:364) ~[org.apache.maven.resolver.connector.basic_1.0.3.v20170405-0725.jar:1.0.3]
	at org.eclipse.aether.util.concurrency.RunnableErrorForwarder$1.run(RunnableErrorForwarder.java:76) ~[na:na]
	at org.eclipse.aether.connector.basic.BasicRepositoryConnector$DirectExecutor.execute(BasicRepositoryConnector.java:590) ~[org.apache.maven.resolver.connector.basic_1.0.3.v20170405-0725.jar:1.0.3]
	at org.eclipse.aether.connector.basic.BasicRepositoryConnector.get(BasicRepositoryConnector.java:258) ~[org.apache.maven.resolver.connector.basic_1.0.3.v20170405-0725.jar:1.0.3]
	at org.eclipse.aether.internal.impl.DefaultArtifactResolver.performDownloads(DefaultArtifactResolver.java:529) ~[na:na]
	at org.eclipse.aether.internal.impl.DefaultArtifactResolver.resolve(DefaultArtifactResolver.java:430) ~[na:na]
	... 8 common frames omitted
Caused by: java.net.UnknownHostException: download.eclipse.org
	at java.net.InetAddress.getAllByName0(Unknown Source) ~[na:1.8.0_191]
	at java.net.InetAddress.getAllByName(Unknown Source) ~[na:1.8.0_191]
	at java.net.InetAddress.getAllByName(Unknown Source) ~[na:1.8.0_191]
	at org.apache.http.impl.conn.SystemDefaultDnsResolver.resolve(SystemDefaultDnsResolver.java:45) ~[na:na]
	at org.apache.http.impl.conn.DefaultClientConnectionOperator.resolveHostname(DefaultClientConnectionOperator.java:262) ~[na:na]
	at org.apache.http.impl.conn.DefaultClientConnectionOperator.openConnection(DefaultClientConnectionOperator.java:161) ~[na:na]
	at org.apache.http.impl.conn.ManagedClientConnectionImpl.open(ManagedClientConnectionImpl.java:328) ~[na:na]
	at org.apache.http.impl.client.DefaultRequestDirector.tryConnect(DefaultRequestDirector.java:612) ~[na:na]
	at org.apache.http.impl.client.DefaultRequestDirector.execute(DefaultRequestDirector.java:447) ~[na:na]
	at org.apache.http.impl.client.AbstractHttpClient.doExecute(AbstractHttpClient.java:884) ~[na:na]
	at org.apache.http.impl.client.CloseableHttpClient.execute(CloseableHttpClient.java:71) ~[na:na]
	at org.apache.http.impl.client.CloseableHttpClient.execute(CloseableHttpClient.java:55) ~[na:na]
	at org.apache.http.impl.client.DecompressingHttpClient.execute(DecompressingHttpClient.java:164) ~[na:na]
	at org.eclipse.aether.transport.http.HttpTransporter.execute(HttpTransporter.java:296) ~[org.apache.maven.resolver.transport.http_1.0.3.v20170405-0725.jar:1.0.3]
	at org.eclipse.aether.transport.http.HttpTransporter.implGet(HttpTransporter.java:252) ~[org.apache.maven.resolver.transport.http_1.0.3.v20170405-0725.jar:1.0.3]
	at org.eclipse.aether.spi.connector.transport.AbstractTransporter.get(AbstractTransporter.java:68) ~[org.apache.maven.resolver.spi_1.0.3.v20170405-0725.jar:1.0.3]
	at org.eclipse.aether.connector.basic.BasicRepositoryConnector$GetTaskRunner.runTask(BasicRepositoryConnector.java:456) ~[org.apache.maven.resolver.connector.basic_1.0.3.v20170405-0725.jar:1.0.3]
	at org.eclipse.aether.connector.basic.BasicRepositoryConnector$TaskRunner.run(BasicRepositoryConnector.java:359) ~[org.apache.maven.resolver.connector.basic_1.0.3.v20170405-0725.jar:1.0.3]
	... 13 common frames omitted
2023-08-29 20:25:50,243 [Worker-4] INFO  c.g.t.t.d.PublishedGradleVersions - Gradle version information cache is out-of-date. Trying to update.
2023-08-29 22:11:47,677 [Worker-3] INFO  c.g.t.t.d.PublishedGradleVersions - Gradle version information cache is up-to-date. Trying to read.
2023-08-29 22:15:37,811 [Worker-10] WARN  o.e.r.models.ModelRepository - Failed to download org.eclipse.recommenders:index::zip:0.0.0
org.eclipse.aether.resolution.ArtifactResolutionException: Could not find artifact org.eclipse.recommenders:index:zip:0.0.0-SNAPSHOT in models (http://download.eclipse.org/recommenders/models/oxygen/)
	at org.eclipse.aether.internal.impl.DefaultArtifactResolver.resolve(DefaultArtifactResolver.java:453) ~[na:na]
	at org.eclipse.aether.internal.impl.DefaultArtifactResolver.resolveArtifacts(DefaultArtifactResolver.java:255) ~[na:na]
	at org.eclipse.aether.internal.impl.DefaultArtifactResolver.resolveArtifact(DefaultArtifactResolver.java:232) ~[na:na]
	at org.eclipse.aether.internal.impl.DefaultRepositorySystem.resolveArtifact(DefaultRepositorySystem.java:303) ~[na:na]
	at org.eclipse.recommenders.models.ModelRepository.resolveInternal(ModelRepository.java:193) [org.eclipse.recommenders.models_2.5.2.v20180401-1226.jar:na]
	at org.eclipse.recommenders.models.ModelRepository.resolve(ModelRepository.java:172) [org.eclipse.recommenders.models_2.5.2.v20180401-1226.jar:na]
	at org.eclipse.recommenders.internal.models.rcp.EclipseModelRepository.resolve(EclipseModelRepository.java:168) [org.eclipse.recommenders.models.rcp_2.5.2.v20180401-1226.jar:na]
	at org.eclipse.recommenders.internal.models.rcp.DownloadModelArchiveJob.run(DownloadModelArchiveJob.java:76) [org.eclipse.recommenders.models.rcp_2.5.2.v20180401-1226.jar:na]
	at org.eclipse.core.internal.jobs.Worker.run(Worker.java:56) [org.eclipse.core.jobs_3.9.3.v20180115-1757.jar:na]
Caused by: org.eclipse.aether.transfer.ArtifactNotFoundException: Could not find artifact org.eclipse.recommenders:index:zip:0.0.0-SNAPSHOT in models (http://download.eclipse.org/recommenders/models/oxygen/)
	at org.eclipse.aether.connector.basic.ArtifactTransportListener.transferFailed(ArtifactTransportListener.java:48) ~[org.apache.maven.resolver.connector.basic_1.0.3.v20170405-0725.jar:1.0.3]
	at org.eclipse.aether.connector.basic.BasicRepositoryConnector$TaskRunner.run(BasicRepositoryConnector.java:364) ~[org.apache.maven.resolver.connector.basic_1.0.3.v20170405-0725.jar:1.0.3]
	at org.eclipse.aether.util.concurrency.RunnableErrorForwarder$1.run(RunnableErrorForwarder.java:76) ~[na:na]
	at org.eclipse.aether.connector.basic.BasicRepositoryConnector$DirectExecutor.execute(BasicRepositoryConnector.java:590) ~[org.apache.maven.resolver.connector.basic_1.0.3.v20170405-0725.jar:1.0.3]
	at org.eclipse.aether.connector.basic.BasicRepositoryConnector.get(BasicRepositoryConnector.java:258) ~[org.apache.maven.resolver.connector.basic_1.0.3.v20170405-0725.jar:1.0.3]
	at org.eclipse.aether.internal.impl.DefaultArtifactResolver.performDownloads(DefaultArtifactResolver.java:529) ~[na:na]
	at org.eclipse.aether.internal.impl.DefaultArtifactResolver.resolve(DefaultArtifactResolver.java:430) ~[na:na]
	... 8 common frames omitted
2023-08-30 19:14:12,602 [Worker-5] INFO  c.g.t.t.d.PublishedGradleVersions - Gradle version information cache is up-to-date. Trying to read.
2023-08-30 21:51:07,402 [Worker-3] INFO  c.g.t.t.d.PublishedGradleVersions - Gradle version information cache is out-of-date. Trying to update.
2023-09-14 10:52:24,897 [Worker-1] INFO  c.g.t.t.d.PublishedGradleVersions - Gradle version information cache is out-of-date. Trying to update.
