2023-09-24 21:08:26,718 [Worker-5] INFO  c.g.t.t.d.PublishedGradleVersions - Gradle version information cache is up-to-date. Trying to read.
2023-09-24 21:13:08,252 [Worker-6] INFO  c.g.t.t.d.PublishedGradleVersions - Gradle version information cache is up-to-date. Trying to read.
2023-09-24 21:29:54,992 [Worker-9] INFO  o.e.m.c.i.l.LifecycleMappingFactory - Using org.eclipse.m2e.jdt.JarLifecycleMapping lifecycle mapping for MavenProject: com.aurionpro:02-junit-basics:0.0.1-SNAPSHOT @ D:\Aurionpro\jUnitt\02-junit-basics\pom.xml.
2023-09-24 21:29:56,543 [Worker-9] INFO  o.e.m.j.i.AbstractJavaProjectConfigurator - Adding source folder /02-junit-basics/src/main/java
2023-09-24 21:29:56,545 [Worker-9] INFO  o.e.m.j.i.AbstractJavaProjectConfigurator - Adding resource folder /02-junit-basics/src/main/resources
2023-09-24 21:29:56,549 [Worker-9] INFO  o.e.m.j.i.AbstractJavaProjectConfigurator - Adding source folder /02-junit-basics/src/test/java
2023-09-24 21:29:56,549 [Worker-9] INFO  o.e.m.j.i.AbstractJavaProjectConfigurator - Adding resource folder /02-junit-basics/src/test/resources
2023-09-24 21:29:57,934 [Worker-9] WARN  o.e.m.c.i.embedder.EclipseLogger - Using platform encoding (Cp1252 actually) to copy filtered resources, i.e. build is platform dependent!
2023-09-24 21:29:57,940 [Worker-9] INFO  o.e.m.c.i.embedder.EclipseLogger - Copying 0 resource
2023-09-24 21:29:57,941 [Worker-9] WARN  o.e.m.c.i.embedder.EclipseLogger - Using platform encoding (Cp1252 actually) to copy filtered resources, i.e. build is platform dependent!
2023-09-24 21:29:57,943 [Worker-9] INFO  o.e.m.c.i.embedder.EclipseLogger - Copying 0 resource
2023-09-24 21:30:44,225 [Worker-12] INFO  o.e.m.c.i.l.LifecycleMappingFactory - Using org.eclipse.m2e.jdt.JarLifecycleMapping lifecycle mapping for MavenProject: com.aurionpro:02-junit-basics:0.0.1-SNAPSHOT @ D:\Aurionpro\jUnitt\02-junit-basics\pom.xml.
2023-09-24 21:30:44,691 [Worker-12] WARN  o.e.m.c.i.embedder.EclipseLogger - Using platform encoding (Cp1252 actually) to copy filtered resources, i.e. build is platform dependent!
2023-09-24 21:30:44,696 [Worker-12] INFO  o.e.m.c.i.embedder.EclipseLogger - Copying 0 resource
2023-09-24 21:30:44,698 [Worker-12] WARN  o.e.m.c.i.embedder.EclipseLogger - Using platform encoding (Cp1252 actually) to copy filtered resources, i.e. build is platform dependent!
2023-09-24 21:30:44,701 [Worker-12] INFO  o.e.m.c.i.embedder.EclipseLogger - Copying 0 resource
2023-09-24 21:30:46,146 [Worker-9] WARN  o.e.m.c.i.embedder.EclipseLogger - Using platform encoding (Cp1252 actually) to copy filtered resources, i.e. build is platform dependent!
2023-09-24 21:30:46,150 [Worker-9] INFO  o.e.m.c.i.embedder.EclipseLogger - Copying 0 resource
2023-09-24 21:30:46,152 [Worker-9] WARN  o.e.m.c.i.embedder.EclipseLogger - Using platform encoding (Cp1252 actually) to copy filtered resources, i.e. build is platform dependent!
2023-09-24 21:30:46,153 [Worker-9] INFO  o.e.m.c.i.embedder.EclipseLogger - Copying 0 resource
2023-09-24 21:30:54,911 [Worker-14] INFO  o.e.m.c.i.l.LifecycleMappingFactory - Using org.eclipse.m2e.jdt.JarLifecycleMapping lifecycle mapping for MavenProject: com.aurionpro:02-junit-basics:0.0.1-SNAPSHOT @ D:\Aurionpro\jUnitt\02-junit-basics\pom.xml.
2023-09-24 21:30:55,195 [Worker-14] WARN  o.e.m.c.i.embedder.EclipseLogger - Using platform encoding (Cp1252 actually) to copy filtered resources, i.e. build is platform dependent!
2023-09-24 21:30:55,195 [Worker-14] INFO  o.e.m.c.i.embedder.EclipseLogger - Copying 0 resource
2023-09-24 21:30:55,195 [Worker-14] WARN  o.e.m.c.i.embedder.EclipseLogger - Using platform encoding (Cp1252 actually) to copy filtered resources, i.e. build is platform dependent!
2023-09-24 21:30:55,195 [Worker-14] INFO  o.e.m.c.i.embedder.EclipseLogger - Copying 0 resource
2023-09-24 21:32:42,469 [Worker-9] WARN  o.e.m.c.i.embedder.EclipseLogger - Using platform encoding (Cp1252 actually) to copy filtered resources, i.e. build is platform dependent!
2023-09-24 21:32:42,477 [Worker-9] INFO  o.e.m.c.i.embedder.EclipseLogger - Copying 0 resource
2023-09-24 21:32:42,478 [Worker-9] WARN  o.e.m.c.i.embedder.EclipseLogger - Using platform encoding (Cp1252 actually) to copy filtered resources, i.e. build is platform dependent!
2023-09-24 21:32:42,479 [Worker-9] INFO  o.e.m.c.i.embedder.EclipseLogger - Copying 0 resource
2023-09-24 21:32:43,581 [Worker-4] WARN  o.e.m.c.i.embedder.EclipseLogger - Using platform encoding (Cp1252 actually) to copy filtered resources, i.e. build is platform dependent!
2023-09-24 21:32:43,583 [Worker-4] INFO  o.e.m.c.i.embedder.EclipseLogger - Copying 0 resource
2023-09-24 21:32:43,586 [Worker-4] WARN  o.e.m.c.i.embedder.EclipseLogger - Using platform encoding (Cp1252 actually) to copy filtered resources, i.e. build is platform dependent!
2023-09-24 21:32:43,588 [Worker-4] INFO  o.e.m.c.i.embedder.EclipseLogger - Copying 0 resource
2023-09-24 21:34:04,737 [Worker-8] WARN  o.e.m.c.i.embedder.EclipseLogger - Using platform encoding (Cp1252 actually) to copy filtered resources, i.e. build is platform dependent!
2023-09-24 21:34:04,739 [Worker-8] INFO  o.e.m.c.i.embedder.EclipseLogger - Copying 0 resource
2023-09-24 21:34:04,740 [Worker-8] WARN  o.e.m.c.i.embedder.EclipseLogger - Using platform encoding (Cp1252 actually) to copy filtered resources, i.e. build is platform dependent!
2023-09-24 21:34:04,741 [Worker-8] INFO  o.e.m.c.i.embedder.EclipseLogger - Copying 0 resource
2023-09-24 21:34:43,208 [Worker-10] WARN  o.e.m.c.i.embedder.EclipseLogger - Using platform encoding (Cp1252 actually) to copy filtered resources, i.e. build is platform dependent!
2023-09-24 21:34:43,218 [Worker-10] INFO  o.e.m.c.i.embedder.EclipseLogger - Copying 0 resource
2023-09-24 21:34:43,220 [Worker-10] WARN  o.e.m.c.i.embedder.EclipseLogger - Using platform encoding (Cp1252 actually) to copy filtered resources, i.e. build is platform dependent!
2023-09-24 21:34:43,223 [Worker-10] INFO  o.e.m.c.i.embedder.EclipseLogger - Copying 0 resource
2023-09-24 21:36:40,969 [Worker-9] WARN  o.e.r.models.ModelRepository - Failed to download org.eclipse.recommenders:index::zip:0.0.0
org.eclipse.aether.resolution.ArtifactResolutionException: Could not find artifact org.eclipse.recommenders:index:zip:0.0.0-SNAPSHOT in models (http://download.eclipse.org/recommenders/models/oxygen/)
	at org.eclipse.aether.internal.impl.DefaultArtifactResolver.resolve(DefaultArtifactResolver.java:453) ~[na:na]
	at org.eclipse.aether.internal.impl.DefaultArtifactResolver.resolveArtifacts(DefaultArtifactResolver.java:255) ~[na:na]
	at org.eclipse.aether.internal.impl.DefaultArtifactResolver.resolveArtifact(DefaultArtifactResolver.java:232) ~[na:na]
	at org.eclipse.aether.internal.impl.DefaultRepositorySystem.resolveArtifact(DefaultRepositorySystem.java:303) ~[na:na]
	at org.eclipse.recommenders.models.ModelRepository.resolveInternal(ModelRepository.java:193) [org.eclipse.recommenders.models_2.5.2.v20180401-1226.jar:na]
	at org.eclipse.recommenders.models.ModelRepository.resolve(ModelRepository.java:172) [org.eclipse.recommenders.models_2.5.2.v20180401-1226.jar:na]
	at org.eclipse.recommenders.internal.models.rcp.EclipseModelRepository.resolve(EclipseModelRepository.java:168) [org.eclipse.recommenders.models.rcp_2.5.2.v20180401-1226.jar:na]
	at org.eclipse.recommenders.internal.models.rcp.DownloadModelArchiveJob.run(DownloadModelArchiveJob.java:76) [org.eclipse.recommenders.models.rcp_2.5.2.v20180401-1226.jar:na]
	at org.eclipse.core.internal.jobs.Worker.run(Worker.java:56) [org.eclipse.core.jobs_3.9.3.v20180115-1757.jar:na]
Caused by: org.eclipse.aether.transfer.ArtifactNotFoundException: Could not find artifact org.eclipse.recommenders:index:zip:0.0.0-SNAPSHOT in models (http://download.eclipse.org/recommenders/models/oxygen/)
	at org.eclipse.aether.connector.basic.ArtifactTransportListener.transferFailed(ArtifactTransportListener.java:48) ~[org.apache.maven.resolver.connector.basic_1.0.3.v20170405-0725.jar:1.0.3]
	at org.eclipse.aether.connector.basic.BasicRepositoryConnector$TaskRunner.run(BasicRepositoryConnector.java:364) ~[org.apache.maven.resolver.connector.basic_1.0.3.v20170405-0725.jar:1.0.3]
	at org.eclipse.aether.util.concurrency.RunnableErrorForwarder$1.run(RunnableErrorForwarder.java:76) ~[na:na]
	at org.eclipse.aether.connector.basic.BasicRepositoryConnector$DirectExecutor.execute(BasicRepositoryConnector.java:590) ~[org.apache.maven.resolver.connector.basic_1.0.3.v20170405-0725.jar:1.0.3]
	at org.eclipse.aether.connector.basic.BasicRepositoryConnector.get(BasicRepositoryConnector.java:258) ~[org.apache.maven.resolver.connector.basic_1.0.3.v20170405-0725.jar:1.0.3]
	at org.eclipse.aether.internal.impl.DefaultArtifactResolver.performDownloads(DefaultArtifactResolver.java:529) ~[na:na]
	at org.eclipse.aether.internal.impl.DefaultArtifactResolver.resolve(DefaultArtifactResolver.java:430) ~[na:na]
	... 8 common frames omitted
2023-09-24 21:37:07,848 [Worker-14] WARN  o.e.m.c.i.embedder.EclipseLogger - Using platform encoding (Cp1252 actually) to copy filtered resources, i.e. build is platform dependent!
2023-09-24 21:37:07,848 [Worker-14] INFO  o.e.m.c.i.embedder.EclipseLogger - Copying 0 resource
2023-09-24 21:37:07,848 [Worker-14] WARN  o.e.m.c.i.embedder.EclipseLogger - Using platform encoding (Cp1252 actually) to copy filtered resources, i.e. build is platform dependent!
2023-09-24 21:37:07,848 [Worker-14] INFO  o.e.m.c.i.embedder.EclipseLogger - Copying 0 resource
2023-09-24 21:37:24,356 [Worker-16] WARN  o.e.m.c.i.embedder.EclipseLogger - Using platform encoding (Cp1252 actually) to copy filtered resources, i.e. build is platform dependent!
2023-09-24 21:37:24,360 [Worker-16] INFO  o.e.m.c.i.embedder.EclipseLogger - Copying 0 resource
2023-09-24 21:37:24,362 [Worker-16] WARN  o.e.m.c.i.embedder.EclipseLogger - Using platform encoding (Cp1252 actually) to copy filtered resources, i.e. build is platform dependent!
2023-09-24 21:37:24,365 [Worker-16] INFO  o.e.m.c.i.embedder.EclipseLogger - Copying 0 resource
2023-09-24 21:37:37,813 [Worker-8] WARN  o.e.m.c.i.embedder.EclipseLogger - Using platform encoding (Cp1252 actually) to copy filtered resources, i.e. build is platform dependent!
2023-09-24 21:37:37,821 [Worker-8] INFO  o.e.m.c.i.embedder.EclipseLogger - Copying 0 resource
2023-09-24 21:37:37,821 [Worker-8] WARN  o.e.m.c.i.embedder.EclipseLogger - Using platform encoding (Cp1252 actually) to copy filtered resources, i.e. build is platform dependent!
2023-09-24 21:37:37,821 [Worker-8] INFO  o.e.m.c.i.embedder.EclipseLogger - Copying 0 resource
2023-09-24 21:37:50,484 [Worker-9] WARN  o.e.m.c.i.embedder.EclipseLogger - Using platform encoding (Cp1252 actually) to copy filtered resources, i.e. build is platform dependent!
2023-09-24 21:37:50,489 [Worker-9] INFO  o.e.m.c.i.embedder.EclipseLogger - Copying 0 resource
2023-09-24 21:37:50,489 [Worker-9] WARN  o.e.m.c.i.embedder.EclipseLogger - Using platform encoding (Cp1252 actually) to copy filtered resources, i.e. build is platform dependent!
2023-09-24 21:37:50,491 [Worker-9] INFO  o.e.m.c.i.embedder.EclipseLogger - Copying 0 resource
2023-09-24 21:38:14,011 [Worker-14] WARN  o.e.m.c.i.embedder.EclipseLogger - Using platform encoding (Cp1252 actually) to copy filtered resources, i.e. build is platform dependent!
2023-09-24 21:38:14,017 [Worker-14] INFO  o.e.m.c.i.embedder.EclipseLogger - Copying 0 resource
2023-09-24 21:38:14,017 [Worker-14] WARN  o.e.m.c.i.embedder.EclipseLogger - Using platform encoding (Cp1252 actually) to copy filtered resources, i.e. build is platform dependent!
2023-09-24 21:38:14,025 [Worker-14] INFO  o.e.m.c.i.embedder.EclipseLogger - Copying 0 resource
2023-09-24 21:38:26,075 [Worker-14] WARN  o.e.m.c.i.embedder.EclipseLogger - Using platform encoding (Cp1252 actually) to copy filtered resources, i.e. build is platform dependent!
2023-09-24 21:38:26,075 [Worker-14] INFO  o.e.m.c.i.embedder.EclipseLogger - Copying 0 resource
2023-09-24 21:38:26,075 [Worker-14] WARN  o.e.m.c.i.embedder.EclipseLogger - Using platform encoding (Cp1252 actually) to copy filtered resources, i.e. build is platform dependent!
2023-09-24 21:38:26,091 [Worker-14] INFO  o.e.m.c.i.embedder.EclipseLogger - Copying 0 resource
2023-09-24 21:38:30,395 [Worker-9] WARN  o.e.m.c.i.embedder.EclipseLogger - Using platform encoding (Cp1252 actually) to copy filtered resources, i.e. build is platform dependent!
2023-09-24 21:38:30,406 [Worker-9] INFO  o.e.m.c.i.embedder.EclipseLogger - Copying 0 resource
2023-09-24 21:38:30,406 [Worker-9] WARN  o.e.m.c.i.embedder.EclipseLogger - Using platform encoding (Cp1252 actually) to copy filtered resources, i.e. build is platform dependent!
2023-09-24 21:38:30,415 [Worker-9] INFO  o.e.m.c.i.embedder.EclipseLogger - Copying 0 resource
2023-09-24 21:38:48,898 [Worker-12] INFO  o.e.m.c.i.p.ProjectConfigurationManager - Update started
2023-09-24 21:38:49,510 [Worker-12] INFO  o.e.m.c.i.l.LifecycleMappingFactory - Using org.eclipse.m2e.jdt.JarLifecycleMapping lifecycle mapping for MavenProject: com.aurionpro:02-junit-basics:0.0.1-SNAPSHOT @ D:\Aurionpro\jUnitt\02-junit-basics\pom.xml.
2023-09-24 21:38:49,748 [Worker-12] INFO  o.e.m.j.i.AbstractJavaProjectConfigurator - Adding source folder /02-junit-basics/src/main/java
2023-09-24 21:38:49,748 [Worker-12] INFO  o.e.m.j.i.AbstractJavaProjectConfigurator - Adding resource folder /02-junit-basics/src/main/resources
2023-09-24 21:38:49,748 [Worker-12] INFO  o.e.m.j.i.AbstractJavaProjectConfigurator - Adding source folder /02-junit-basics/src/test/java
2023-09-24 21:38:49,748 [Worker-12] INFO  o.e.m.j.i.AbstractJavaProjectConfigurator - Adding resource folder /02-junit-basics/src/test/resources
2023-09-24 21:38:50,007 [Worker-12] INFO  o.e.m.c.i.p.ProjectConfigurationManager - Update completed: 1 sec
2023-09-24 21:38:50,289 [Worker-14] WARN  o.e.m.c.i.embedder.EclipseLogger - Using platform encoding (Cp1252 actually) to copy filtered resources, i.e. build is platform dependent!
2023-09-24 21:38:50,297 [Worker-14] INFO  o.e.m.c.i.embedder.EclipseLogger - Copying 0 resource
2023-09-24 21:38:50,298 [Worker-14] WARN  o.e.m.c.i.embedder.EclipseLogger - Using platform encoding (Cp1252 actually) to copy filtered resources, i.e. build is platform dependent!
2023-09-24 21:38:50,301 [Worker-14] INFO  o.e.m.c.i.embedder.EclipseLogger - Copying 0 resource
2023-09-24 21:43:40,028 [Worker-21] INFO  o.e.m.c.i.l.LifecycleMappingFactory - Using org.eclipse.m2e.jdt.JarLifecycleMapping lifecycle mapping for MavenProject: com.aurionpro:02-junit-basics:0.0.1-SNAPSHOT @ D:\Aurionpro\jUnitt\02-junit-basics\pom.xml.
2023-09-24 21:43:40,318 [Worker-21] WARN  o.e.m.c.i.embedder.EclipseLogger - Using platform encoding (Cp1252 actually) to copy filtered resources, i.e. build is platform dependent!
2023-09-24 21:43:40,318 [Worker-21] INFO  o.e.m.c.i.embedder.EclipseLogger - Copying 0 resource
2023-09-24 21:43:40,318 [Worker-21] WARN  o.e.m.c.i.embedder.EclipseLogger - Using platform encoding (Cp1252 actually) to copy filtered resources, i.e. build is platform dependent!
2023-09-24 21:43:40,326 [Worker-21] INFO  o.e.m.c.i.embedder.EclipseLogger - Copying 0 resource
